<?xml version="1.0" encoding="UTF-8"?>
<!-- Generated by org.testng.reporters.JUnitReportReporter -->
<testsuite hostname="DESKTOP-VD52HQ4" failures="0" tests="1" name="com.Wipro.Locators.FindElementsByLinks" time="20.930" errors="0" timestamp="2023-05-18T17:07:00 IST" skipped="0">
  <testcase classname="com.Wipro.Locators.FindElementsByLinks" name="linksLocator" time="20.930"/>
  <system-out/>
</testsuite> <!-- com.Wipro.Locators.FindElementsByLinks -->
