<?xml version="1.0" encoding="UTF-8"?>
<!-- Generated by org.testng.reporters.JUnitReportReporter -->
<testsuite hostname="DESKTOP-VD52HQ4" failures="0" tests="1" name="com.Wipro.Locators.TestScenarioLocators_03_EasyCalculation" time="23.813" errors="0" timestamp="2023-05-18T21:31:51 IST" skipped="0">
  <testcase classname="com.Wipro.Locators.TestScenarioLocators_03_EasyCalculation" name="ageCalculation" time="23.813"/>
  <system-out/>
</testsuite> <!-- com.Wipro.Locators.TestScenarioLocators_03_EasyCalculation -->
