<?xml version="1.0" encoding="UTF-8"?>
<!-- Generated by org.testng.reporters.JUnitReportReporter -->
<testsuite hostname="DESKTOP-VD52HQ4" failures="0" tests="1" name="com.Wipro.Locators.TestScenarioLocators_02_Opencart_Edge" time="11.353" errors="0" timestamp="2023-05-18T14:54:43 IST" skipped="0">
  <testcase classname="com.Wipro.Locators.TestScenarioLocators_02_Opencart_Edge" name="registerUser" time="11.353"/>
  <system-out/>
</testsuite> <!-- com.Wipro.Locators.TestScenarioLocators_02_Opencart_Edge -->
