<?xml version="1.0" encoding="UTF-8"?>
<!-- Generated by org.testng.reporters.JUnitReportReporter -->
<testsuite hostname="DESKTOP-VD52HQ4" failures="0" tests="1" name="com.Wipro.Locators.TestScenario_Easemytrip" time="23.559" errors="0" timestamp="2023-05-18T14:24:42 IST" skipped="0">
  <testcase classname="com.Wipro.Locators.TestScenario_Easemytrip" name="testName" time="23.559"/>
  <system-out/>
</testsuite> <!-- com.Wipro.Locators.TestScenario_Easemytrip -->
