<?xml version="1.0" encoding="UTF-8"?>
<!-- Generated by org.testng.reporters.JUnitReportReporter -->
<testsuite hostname="DESKTOP-VD52HQ4" failures="0" tests="1" name="com.Wipro.Locators.FindElementsByLinks" time="24.545" errors="0" timestamp="2023-05-18T14:04:07 IST" skipped="0">
  <testcase classname="com.Wipro.Locators.FindElementsByLinks" name="linksLocator" time="24.545"/>
  <system-out/>
</testsuite> <!-- com.Wipro.Locators.FindElementsByLinks -->
