<?xml version="1.0" encoding="UTF-8"?>
<!-- Generated by org.testng.reporters.JUnitReportReporter -->
<testsuite hostname="DESKTOP-VD52HQ4" failures="0" tests="1" name="com.Wipro.Locators.DemoID" time="16.191" errors="0" timestamp="2023-05-18T11:07:57 IST" skipped="0">
  <testcase classname="com.Wipro.Locators.DemoID" name="testName" time="16.191"/>
  <system-out/>
</testsuite> <!-- com.Wipro.Locators.DemoID -->
