<?xml version="1.0" encoding="UTF-8"?>
<!-- Generated by org.testng.reporters.JUnitReportReporter -->
<testsuite hostname="DESKTOP-VD52HQ4" failures="0" tests="1" name="com.Wipro.Locators.TestScenarioLocators_02" time="10.017" errors="0" timestamp="2023-05-18T11:50:06 IST" skipped="0">
  <testcase classname="com.Wipro.Locators.TestScenarioLocators_02" name="registerUser" time="10.017"/>
  <system-out/>
</testsuite> <!-- com.Wipro.Locators.TestScenarioLocators_02 -->
